<?xml version="1.0" encoding="UTF-8"?>
<!-- Generated by org.testng.reporters.JUnitXMLReporter -->
<testsuite hostname="Stass-MacBook-Pro.local" ignored="0" name="Surefire test" tests="8" failures="0" timestamp="30 Jan 2018 04:30:53 GMT" time="17.08" errors="0">
  <testcase name="homePageNavigation" time="7.226" classname="STI.HomePageTest"/>
  <testcase name="TestOneOne" time="0.0" classname="STI.Test1"/>
  <testcase name="TestOneTwo" time="0.001" classname="STI.Test1"/>
  <testcase name="TestTwoOne" time="0.0" classname="STI.Test2"/>
  <testcase name="TestTwoTwo" time="0.0" classname="STI.Test2"/>
  <testcase name="TestThreeOne" time="0.0" classname="STI.Test3"/>
  <testcase name="TestThreeTwo" time="0.0" classname="STI.Test3"/>
  <testcase name="accountNameVerification" time="7.975" classname="STI.UserNameVereficationTest"/>
</testsuite> <!-- Surefire test -->
