<?xml version="1.0" encoding="UTF-8"?>
<!-- Generated by org.testng.reporters.JUnitXMLReporter -->
<testsuite hostname="Stass-MacBook-Pro.local" ignored="0" name="Test" tests="2" failures="1" timestamp="01 Feb 2018 05:21:45 GMT" time="9.262" errors="0">
  <testcase name="UserNameVerificarion" time="0.001" classname="STI.HomePageTest">
    <failure type="java.lang.NullPointerException">
      <![CDATA[java.lang.NullPointerExceptionat STI.HomePageTest.logIn(HomePageTest.java:22)at STI.HomePageTest.UserNameVerificarion(HomePageTest.java:37)... Removed 29 stack frames]]>
    </failure>
  </testcase> <!-- UserNameVerificarion -->
  <testcase name="logIn" time="7.586" classname="STI.HomePageTest"/>
</testsuite> <!-- Test -->
