<?xml version="1.0" encoding="UTF-8"?>
<testng-results skipped="0" failed="0" ignored="0" total="3" passed="3">
  <reporter-output>
  </reporter-output>
  <suite name="Suite" duration-ms="17616" started-at="2018-02-01T07:08:18Z" finished-at="2018-02-01T07:08:35Z">
    <groups>
    </groups>
    <test name="Home Page Verification" duration-ms="8402" started-at="2018-02-01T07:08:18Z" finished-at="2018-02-01T07:08:26Z">
      <class name="STI.HomePageTest">
        <test-method status="PASS" signature="initialaze()[pri:0, instance:STI.HomePageTest@5a61f5df]" name="initialaze" is-config="true" duration-ms="1078" started-at="2018-01-31T23:08:18Z" finished-at="2018-01-31T23:08:19Z">
          <reporter-output>
          </reporter-output>
        </test-method> <!-- initialaze -->
        <test-method status="PASS" signature="logIn()[pri:0, instance:STI.HomePageTest@5a61f5df]" name="logIn" duration-ms="7165" started-at="2018-01-31T23:08:19Z" finished-at="2018-01-31T23:08:26Z">
          <reporter-output>
          </reporter-output>
        </test-method> <!-- logIn -->
        <test-method status="PASS" signature="UserNameVerificarion()[pri:1, instance:STI.HomePageTest@5a61f5df]" name="UserNameVerificarion" duration-ms="39" started-at="2018-01-31T23:08:26Z" finished-at="2018-01-31T23:08:26Z">
          <reporter-output>
          </reporter-output>
        </test-method> <!-- UserNameVerificarion -->
        <test-method status="PASS" signature="terDown()[pri:0, instance:STI.HomePageTest@5a61f5df]" name="terDown" is-config="true" duration-ms="108" started-at="2018-01-31T23:08:26Z" finished-at="2018-01-31T23:08:26Z">
          <reporter-output>
          </reporter-output>
        </test-method> <!-- terDown -->
      </class> <!-- STI.HomePageTest -->
    </test> <!-- Home Page Verification -->
    <test name="Item List Test" duration-ms="9195" started-at="2018-02-01T07:08:26Z" finished-at="2018-02-01T07:08:35Z">
      <class name="STI.ItemListTest">
        <test-method status="PASS" signature="initialaze()[pri:0, instance:STI.ItemListTest@458ad742]" name="initialaze" is-config="true" duration-ms="477" started-at="2018-01-31T23:08:26Z" finished-at="2018-01-31T23:08:27Z">
          <reporter-output>
          </reporter-output>
        </test-method> <!-- initialaze -->
        <test-method status="PASS" signature="OnePageResultVerefication()[pri:0, instance:STI.ItemListTest@458ad742]" name="OnePageResultVerefication" duration-ms="8604" started-at="2018-01-31T23:08:27Z" finished-at="2018-01-31T23:08:35Z">
          <reporter-output>
          </reporter-output>
        </test-method> <!-- OnePageResultVerefication -->
        <test-method status="PASS" signature="terDown()[pri:0, instance:STI.ItemListTest@458ad742]" name="terDown" is-config="true" duration-ms="114" started-at="2018-01-31T23:08:35Z" finished-at="2018-01-31T23:08:35Z">
          <reporter-output>
          </reporter-output>
        </test-method> <!-- terDown -->
      </class> <!-- STI.ItemListTest -->
    </test> <!-- Item List Test -->
  </suite> <!-- Suite -->
</testng-results>
