<?xml version="1.0" encoding="UTF-8"?>
<testng-results skipped="0" failed="0" ignored="0" total="3" passed="3">
  <reporter-output>
  </reporter-output>
  <suite name="Suite" duration-ms="22171" started-at="2018-02-01T07:06:57Z" finished-at="2018-02-01T07:07:19Z">
    <groups>
    </groups>
    <test name="Home Page Verification" duration-ms="9336" started-at="2018-02-01T07:06:57Z" finished-at="2018-02-01T07:07:07Z">
      <class name="STI.HomePageTest">
        <test-method status="PASS" signature="initialaze()[pri:0, instance:STI.HomePageTest@5f2108b5]" name="initialaze" is-config="true" duration-ms="1102" started-at="2018-01-31T23:06:57Z" finished-at="2018-01-31T23:06:58Z">
          <reporter-output>
          </reporter-output>
        </test-method> <!-- initialaze -->
        <test-method status="PASS" signature="logIn()[pri:0, instance:STI.HomePageTest@5f2108b5]" name="logIn" duration-ms="8038" started-at="2018-01-31T23:06:58Z" finished-at="2018-01-31T23:07:06Z">
          <reporter-output>
          </reporter-output>
        </test-method> <!-- logIn -->
        <test-method status="PASS" signature="UserNameVerificarion()[pri:1, instance:STI.HomePageTest@5f2108b5]" name="UserNameVerificarion" duration-ms="43" started-at="2018-01-31T23:07:06Z" finished-at="2018-01-31T23:07:06Z">
          <reporter-output>
          </reporter-output>
        </test-method> <!-- UserNameVerificarion -->
        <test-method status="PASS" signature="terDown()[pri:0, instance:STI.HomePageTest@5f2108b5]" name="terDown" is-config="true" duration-ms="124" started-at="2018-01-31T23:07:06Z" finished-at="2018-01-31T23:07:07Z">
          <reporter-output>
          </reporter-output>
        </test-method> <!-- terDown -->
      </class> <!-- STI.HomePageTest -->
    </test> <!-- Home Page Verification -->
    <test name="Item List Test" duration-ms="12815" started-at="2018-02-01T07:07:07Z" finished-at="2018-02-01T07:07:19Z">
      <class name="STI.ItemListTest">
        <test-method status="PASS" signature="initialaze()[pri:0, instance:STI.ItemListTest@60c6f5b]" name="initialaze" is-config="true" duration-ms="549" started-at="2018-01-31T23:07:07Z" finished-at="2018-01-31T23:07:07Z">
          <reporter-output>
          </reporter-output>
        </test-method> <!-- initialaze -->
        <test-method status="PASS" signature="OnePageResultVerefication()[pri:0, instance:STI.ItemListTest@60c6f5b]" name="OnePageResultVerefication" duration-ms="12101" started-at="2018-01-31T23:07:07Z" finished-at="2018-01-31T23:07:19Z">
          <reporter-output>
          </reporter-output>
        </test-method> <!-- OnePageResultVerefication -->
        <test-method status="PASS" signature="terDown()[pri:0, instance:STI.ItemListTest@60c6f5b]" name="terDown" is-config="true" duration-ms="164" started-at="2018-01-31T23:07:19Z" finished-at="2018-01-31T23:07:19Z">
          <reporter-output>
          </reporter-output>
        </test-method> <!-- terDown -->
      </class> <!-- STI.ItemListTest -->
    </test> <!-- Item List Test -->
  </suite> <!-- Suite -->
</testng-results>
